<?xml version="1.0" encoding="UTF-8"?>
<testng-results skipped="0" failed="0" total="1" passed="1">
  <reporter-output>
  </reporter-output>
  <suite name="Default suite" duration-ms="77" started-at="2016-01-29T17:34:04Z" finished-at="2016-01-29T17:34:05Z">
    <groups>
    </groups>
    <test name="Default test" duration-ms="77" started-at="2016-01-29T17:34:04Z" finished-at="2016-01-29T17:34:05Z">
      <class name="testspackage.TestNGSimpleTest">
        <test-method status="PASS" signature="sampleTest()[pri:0, instance:testspackage.TestNGSimpleTest@60ce717a]" name="sampleTest" duration-ms="32" started-at="2016-01-29T23:04:04Z" finished-at="2016-01-29T23:04:05Z">
          <reporter-output>
          </reporter-output>
        </test-method> <!-- sampleTest -->
      </class> <!-- testspackage.TestNGSimpleTest -->
    </test> <!-- Default test -->
  </suite> <!-- Default suite -->
</testng-results>
